<?xml version="1.0" encoding="UTF-8"?>
<!-- Generated by org.testng.reporters.JUnitReportReporter -->
<testsuite hostname="LAPTOP-VIVBKSLH" failures="0" tests="1" name="TestCases.CloudFront" time="4.914" errors="0" timestamp="2020-05-29T20:00:04 GMT-04:00" skipped="0">
  <testcase classname="TestCases.CloudFront" name="CloudFront_Distirbution" time="4.914"/>
  <system-out/>
</testsuite> <!-- TestCases.CloudFront -->
