<?xml version="1.0" encoding="UTF-8"?>
<!-- Generated by org.testng.reporters.JUnitReportReporter -->
<testsuite hostname="LAPTOP-VIVBKSLH" failures="0" tests="1" name="TestCases.Final_Browser" time="6.318" errors="0" timestamp="2020-05-29T20:05:23 GMT-04:00" skipped="0">
  <testcase classname="TestCases.Final_Browser" name="finalBrowserTesting" time="6.318"/>
  <system-out/>
</testsuite> <!-- TestCases.Final_Browser -->
